mode: atomic
github.com/nomasters/hashmap/hashmap.go:33.13,35.2 1 1
github.com/nomasters/hashmap/hashmap.go:61.58,66.16 4 0
github.com/nomasters/hashmap/hashmap.go:71.2,71.49 1 0
github.com/nomasters/hashmap/hashmap.go:75.2,75.35 1 0
github.com/nomasters/hashmap/hashmap.go:79.2,79.16 1 0
github.com/nomasters/hashmap/hashmap.go:66.16,69.3 2 0
github.com/nomasters/hashmap/hashmap.go:71.49,74.3 2 0
github.com/nomasters/hashmap/hashmap.go:75.35,77.3 1 0
github.com/nomasters/hashmap/hashmap.go:83.33,85.16 2 0
github.com/nomasters/hashmap/hashmap.go:88.2,88.37 1 0
github.com/nomasters/hashmap/hashmap.go:92.2,92.12 1 0
github.com/nomasters/hashmap/hashmap.go:85.16,87.3 1 0
github.com/nomasters/hashmap/hashmap.go:88.37,90.3 1 0
github.com/nomasters/hashmap/hashmap.go:98.52,100.16 2 0
github.com/nomasters/hashmap/hashmap.go:103.2,104.16 2 0
github.com/nomasters/hashmap/hashmap.go:107.2,108.16 2 0
github.com/nomasters/hashmap/hashmap.go:111.2,112.16 2 0
github.com/nomasters/hashmap/hashmap.go:116.2,116.24 1 0
github.com/nomasters/hashmap/hashmap.go:100.16,102.3 1 0
github.com/nomasters/hashmap/hashmap.go:104.16,106.3 1 0
github.com/nomasters/hashmap/hashmap.go:108.16,110.3 1 0
github.com/nomasters/hashmap/hashmap.go:112.16,114.3 1 0
github.com/nomasters/hashmap/hashmap.go:117.27,118.24 1 0
github.com/nomasters/hashmap/hashmap.go:121.3,121.68 1 0
github.com/nomasters/hashmap/hashmap.go:122.10,123.53 1 0
github.com/nomasters/hashmap/hashmap.go:118.24,120.4 1 0
github.com/nomasters/hashmap/hashmap.go:129.48,131.16 2 0
github.com/nomasters/hashmap/hashmap.go:135.2,135.20 1 0
github.com/nomasters/hashmap/hashmap.go:131.16,134.3 2 0
github.com/nomasters/hashmap/hashmap.go:139.51,141.16 2 0
github.com/nomasters/hashmap/hashmap.go:145.2,145.17 1 0
github.com/nomasters/hashmap/hashmap.go:141.16,144.3 2 0
github.com/nomasters/hashmap/hashmap.go:149.46,151.16 2 0
github.com/nomasters/hashmap/hashmap.go:155.2,155.15 1 0
github.com/nomasters/hashmap/hashmap.go:151.16,154.3 2 0
github.com/nomasters/hashmap/hashmap.go:159.43,162.16 2 0
github.com/nomasters/hashmap/hashmap.go:166.2,167.49 2 0
github.com/nomasters/hashmap/hashmap.go:172.2,172.16 1 0
github.com/nomasters/hashmap/hashmap.go:162.16,164.3 1 0
github.com/nomasters/hashmap/hashmap.go:167.49,170.3 2 0
github.com/nomasters/hashmap/hashmap.go:178.35,181.20 2 0
github.com/nomasters/hashmap/hashmap.go:185.2,185.12 1 0
github.com/nomasters/hashmap/hashmap.go:190.2,196.16 5 0
github.com/nomasters/hashmap/hashmap.go:200.2,200.12 1 0
github.com/nomasters/hashmap/hashmap.go:181.20,183.3 1 0
github.com/nomasters/hashmap/hashmap.go:185.12,187.3 1 0
github.com/nomasters/hashmap/hashmap.go:196.16,198.3 1 0
github.com/nomasters/hashmap/hashmap.go:205.43,207.16 2 0
github.com/nomasters/hashmap/hashmap.go:211.2,211.33 1 0
github.com/nomasters/hashmap/hashmap.go:214.2,214.12 1 0
github.com/nomasters/hashmap/hashmap.go:207.16,209.3 1 0
github.com/nomasters/hashmap/hashmap.go:211.33,213.3 1 0
github.com/nomasters/hashmap/hashmap.go:219.41,225.24 4 0
github.com/nomasters/hashmap/hashmap.go:229.2,229.27 1 0
github.com/nomasters/hashmap/hashmap.go:233.2,233.12 1 0
github.com/nomasters/hashmap/hashmap.go:225.24,227.3 1 0
github.com/nomasters/hashmap/hashmap.go:229.27,231.3 1 0
github.com/nomasters/hashmap/hashmap.go:237.46,239.16 2 0
github.com/nomasters/hashmap/hashmap.go:243.2,243.15 1 0
github.com/nomasters/hashmap/hashmap.go:239.16,242.3 2 0
github.com/nomasters/hashmap/hashmap.go:248.41,252.2 2 0
github.com/nomasters/hashmap/hashmap.go:256.43,258.16 2 0
github.com/nomasters/hashmap/hashmap.go:263.2,264.16 2 0
github.com/nomasters/hashmap/hashmap.go:269.2,269.21 1 0
github.com/nomasters/hashmap/hashmap.go:272.2,272.36 1 0
github.com/nomasters/hashmap/hashmap.go:275.2,275.26 1 0
github.com/nomasters/hashmap/hashmap.go:278.2,278.12 1 0
github.com/nomasters/hashmap/hashmap.go:258.16,261.3 2 0
github.com/nomasters/hashmap/hashmap.go:264.16,267.3 2 0
github.com/nomasters/hashmap/hashmap.go:269.21,271.3 1 0
github.com/nomasters/hashmap/hashmap.go:272.36,274.3 1 0
github.com/nomasters/hashmap/hashmap.go:275.26,277.3 1 0
github.com/nomasters/hashmap/server.go:16.24,17.21 1 0
github.com/nomasters/hashmap/server.go:20.2,23.42 4 0
github.com/nomasters/hashmap/server.go:27.2,27.35 1 0
github.com/nomasters/hashmap/server.go:17.21,19.3 1 0
github.com/nomasters/hashmap/server.go:23.42,26.3 2 0
github.com/nomasters/hashmap/server.go:34.63,36.16 2 0
github.com/nomasters/hashmap/server.go:41.2,42.16 2 0
github.com/nomasters/hashmap/server.go:47.2,47.40 1 0
github.com/nomasters/hashmap/server.go:52.2,52.48 1 0
github.com/nomasters/hashmap/server.go:57.2,57.46 1 0
github.com/nomasters/hashmap/server.go:62.2,66.23 4 0
github.com/nomasters/hashmap/server.go:36.16,39.3 2 0
github.com/nomasters/hashmap/server.go:42.16,45.3 2 0
github.com/nomasters/hashmap/server.go:47.40,50.3 2 0
github.com/nomasters/hashmap/server.go:52.48,55.3 2 0
github.com/nomasters/hashmap/server.go:57.46,60.3 2 0
github.com/nomasters/hashmap/server.go:71.67,75.2 3 0
github.com/nomasters/hashmap/server.go:81.48,82.71 1 0
github.com/nomasters/hashmap/server.go:82.71,85.51 2 0
github.com/nomasters/hashmap/server.go:90.3,91.10 2 0
github.com/nomasters/hashmap/server.go:96.3,96.42 1 0
github.com/nomasters/hashmap/server.go:108.3,109.50 2 0
github.com/nomasters/hashmap/server.go:116.3,117.17 2 0
github.com/nomasters/hashmap/server.go:126.3,126.44 1 0
github.com/nomasters/hashmap/server.go:134.3,135.40 2 0
github.com/nomasters/hashmap/server.go:85.51,88.4 2 0
github.com/nomasters/hashmap/server.go:91.10,94.4 2 0
github.com/nomasters/hashmap/server.go:96.42,104.4 6 0
github.com/nomasters/hashmap/server.go:109.50,114.4 4 0
github.com/nomasters/hashmap/server.go:117.17,124.4 6 0
github.com/nomasters/hashmap/server.go:126.44,132.4 5 0
github.com/nomasters/hashmap/validator.go:24.55,31.2 3 0
github.com/nomasters/hashmap/validator.go:35.43,37.78 1 0
github.com/nomasters/hashmap/validator.go:41.2,41.12 1 0
github.com/nomasters/hashmap/validator.go:37.78,40.3 2 0
github.com/nomasters/hashmap/cache.go:14.32,18.2 1 1
github.com/nomasters/hashmap/cache.go:21.54,26.2 4 0
github.com/nomasters/hashmap/cache.go:29.53,33.2 3 0
github.com/nomasters/hashmap/cache.go:36.41,40.2 3 0
